{"/home/gabriel/Desktop/fast-food-payment/src/application/use-cases/payment/create-payment/create-payment.ts": {"path":"/home/gabriel/Desktop/fast-food-payment/src/application/use-cases/payment/create-payment/create-payment.ts","statementMap":{"0":{"start":{"line":14,"column":7},"end":{"line":52,"column":null}},"1":{"start":{"line":16,"column":47},"end":{"line":16,"column":null}},"2":{"start":{"line":17,"column":61},"end":{"line":17,"column":null}},"3":{"start":{"line":18,"column":58},"end":{"line":18,"column":null}},"4":{"start":{"line":22,"column":8},"end":{"line":25,"column":null}},"5":{"start":{"line":27,"column":24},"end":{"line":30,"column":null}},"6":{"start":{"line":32,"column":8},"end":{"line":35,"column":null}},"7":{"start":{"line":37,"column":31},"end":{"line":37,"column":null}},"8":{"start":{"line":38,"column":31},"end":{"line":38,"column":null}},"9":{"start":{"line":40,"column":8},"end":{"line":40,"column":null}},"10":{"start":{"line":42,"column":31},"end":{"line":42,"column":null}},"11":{"start":{"line":44,"column":8},"end":{"line":48,"column":null}},"12":{"start":{"line":50,"column":8},"end":{"line":50,"column":null}},"13":{"start":{"line":14,"column":13},"end":{"line":14,"column":60}}},"fnMap":{"0":{"name":"(anonymous_0)","decl":{"start":{"line":15,"column":4},"end":{"line":15,"column":null}},"loc":{"start":{"line":19,"column":6},"end":{"line":19,"column":null}},"line":19},"1":{"name":"(anonymous_1)","decl":{"start":{"line":21,"column":10},"end":{"line":21,"column":18}},"loc":{"start":{"line":21,"column":67},"end":{"line":51,"column":null}},"line":21}},"branchMap":{},"s":{"0":1,"1":1,"2":1,"3":1,"4":2,"5":2,"6":2,"7":2,"8":2,"9":2,"10":2,"11":2,"12":2,"13":1},"f":{"0":1,"1":2},"b":{},"meta":{"lastBranch":0,"lastFunction":2,"lastStatement":14,"seen":{"s:14:7:52:Infinity":0,"f:15:4:15:Infinity":0,"s:16:47:16:Infinity":1,"s:17:61:17:Infinity":2,"s:18:58:18:Infinity":3,"f:21:10:21:18":1,"s:22:8:25:Infinity":4,"s:27:24:30:Infinity":5,"s:32:8:35:Infinity":6,"s:37:31:37:Infinity":7,"s:38:31:38:Infinity":8,"s:40:8:40:Infinity":9,"s:42:31:42:Infinity":10,"s:44:8:48:Infinity":11,"s:50:8:50:Infinity":12,"s:14:13:14:60":13}}}
,"/home/gabriel/Desktop/fast-food-payment/src/application/use-cases/payment/get-payment/get-payment.ts": {"path":"/home/gabriel/Desktop/fast-food-payment/src/application/use-cases/payment/get-payment/get-payment.ts","statementMap":{"0":{"start":{"line":11,"column":7},"end":{"line":34,"column":null}},"1":{"start":{"line":13,"column":47},"end":{"line":13,"column":null}},"2":{"start":{"line":14,"column":58},"end":{"line":14,"column":null}},"3":{"start":{"line":18,"column":8},"end":{"line":18,"column":null}},"4":{"start":{"line":20,"column":24},"end":{"line":20,"column":null}},"5":{"start":{"line":22,"column":8},"end":{"line":25,"column":null}},"6":{"start":{"line":23,"column":12},"end":{"line":23,"column":null}},"7":{"start":{"line":24,"column":12},"end":{"line":24,"column":null}},"8":{"start":{"line":27,"column":8},"end":{"line":30,"column":null}},"9":{"start":{"line":32,"column":8},"end":{"line":32,"column":null}},"10":{"start":{"line":11,"column":13},"end":{"line":11,"column":54}}},"fnMap":{"0":{"name":"(anonymous_0)","decl":{"start":{"line":12,"column":4},"end":{"line":12,"column":null}},"loc":{"start":{"line":15,"column":6},"end":{"line":15,"column":null}},"line":15},"1":{"name":"(anonymous_1)","decl":{"start":{"line":17,"column":10},"end":{"line":17,"column":18}},"loc":{"start":{"line":17,"column":48},"end":{"line":33,"column":null}},"line":17}},"branchMap":{"0":{"loc":{"start":{"line":22,"column":8},"end":{"line":25,"column":null}},"type":"if","locations":[{"start":{"line":22,"column":8},"end":{"line":25,"column":null}},{"start":{},"end":{}}],"line":22}},"s":{"0":1,"1":1,"2":1,"3":2,"4":2,"5":2,"6":1,"7":1,"8":1,"9":1,"10":1},"f":{"0":1,"1":2},"b":{"0":[1,1]},"meta":{"lastBranch":1,"lastFunction":2,"lastStatement":11,"seen":{"s:11:7:34:Infinity":0,"f:12:4:12:Infinity":0,"s:13:47:13:Infinity":1,"s:14:58:14:Infinity":2,"f:17:10:17:18":1,"s:18:8:18:Infinity":3,"s:20:24:20:Infinity":4,"b:22:8:25:Infinity:undefined:undefined:undefined:undefined":0,"s:22:8:25:Infinity":5,"s:23:12:23:Infinity":6,"s:24:12:24:Infinity":7,"s:27:8:30:Infinity":8,"s:32:8:32:Infinity":9,"s:11:13:11:54":10}}}
,"/home/gabriel/Desktop/fast-food-payment/src/application/use-cases/payment/webhook-payment/webhook-payment.ts": {"path":"/home/gabriel/Desktop/fast-food-payment/src/application/use-cases/payment/webhook-payment/webhook-payment.ts","statementMap":{"0":{"start":{"line":14,"column":53},"end":{"line":18,"column":null}},"1":{"start":{"line":21,"column":7},"end":{"line":53,"column":null}},"2":{"start":{"line":23,"column":47},"end":{"line":23,"column":null}},"3":{"start":{"line":24,"column":58},"end":{"line":24,"column":null}},"4":{"start":{"line":25,"column":58},"end":{"line":25,"column":null}},"5":{"start":{"line":26,"column":69},"end":{"line":26,"column":null}},"6":{"start":{"line":27,"column":67},"end":{"line":27,"column":null}},"7":{"start":{"line":31,"column":24},"end":{"line":31,"column":null}},"8":{"start":{"line":32,"column":8},"end":{"line":32,"column":null}},"9":{"start":{"line":34,"column":24},"end":{"line":34,"column":null}},"10":{"start":{"line":35,"column":8},"end":{"line":37,"column":null}},"11":{"start":{"line":36,"column":12},"end":{"line":36,"column":null}},"12":{"start":{"line":39,"column":8},"end":{"line":39,"column":null}},"13":{"start":{"line":40,"column":8},"end":{"line":40,"column":null}},"14":{"start":{"line":41,"column":8},"end":{"line":41,"column":null}},"15":{"start":{"line":43,"column":8},"end":{"line":51,"column":null}},"16":{"start":{"line":44,"column":12},"end":{"line":44,"column":null}},"17":{"start":{"line":45,"column":12},"end":{"line":45,"column":null}},"18":{"start":{"line":46,"column":8},"end":{"line":51,"column":null}},"19":{"start":{"line":47,"column":12},"end":{"line":47,"column":null}},"20":{"start":{"line":48,"column":12},"end":{"line":48,"column":null}},"21":{"start":{"line":50,"column":12},"end":{"line":50,"column":null}},"22":{"start":{"line":21,"column":13},"end":{"line":21,"column":69}}},"fnMap":{"0":{"name":"(anonymous_0)","decl":{"start":{"line":22,"column":4},"end":{"line":22,"column":null}},"loc":{"start":{"line":28,"column":6},"end":{"line":28,"column":null}},"line":28},"1":{"name":"(anonymous_1)","decl":{"start":{"line":30,"column":10},"end":{"line":30,"column":18}},"loc":{"start":{"line":30,"column":65},"end":{"line":52,"column":null}},"line":30}},"branchMap":{"0":{"loc":{"start":{"line":35,"column":8},"end":{"line":37,"column":null}},"type":"if","locations":[{"start":{"line":35,"column":8},"end":{"line":37,"column":null}},{"start":{},"end":{}}],"line":35},"1":{"loc":{"start":{"line":43,"column":8},"end":{"line":51,"column":null}},"type":"if","locations":[{"start":{"line":43,"column":8},"end":{"line":51,"column":null}},{"start":{"line":46,"column":8},"end":{"line":51,"column":null}}],"line":43},"2":{"loc":{"start":{"line":46,"column":8},"end":{"line":51,"column":null}},"type":"if","locations":[{"start":{"line":46,"column":8},"end":{"line":51,"column":null}},{"start":{"line":49,"column":15},"end":{"line":51,"column":null}}],"line":46}},"s":{"0":1,"1":1,"2":1,"3":1,"4":1,"5":1,"6":1,"7":3,"8":3,"9":3,"10":3,"11":1,"12":2,"13":2,"14":2,"15":2,"16":1,"17":1,"18":1,"19":1,"20":1,"21":0,"22":1},"f":{"0":1,"1":3},"b":{"0":[1,2],"1":[1,1],"2":[1,0]},"meta":{"lastBranch":3,"lastFunction":2,"lastStatement":23,"seen":{"s:14:53:18:Infinity":0,"s:21:7:53:Infinity":1,"f:22:4:22:Infinity":0,"s:23:47:23:Infinity":2,"s:24:58:24:Infinity":3,"s:25:58:25:Infinity":4,"s:26:69:26:Infinity":5,"s:27:67:27:Infinity":6,"f:30:10:30:18":1,"s:31:24:31:Infinity":7,"s:32:8:32:Infinity":8,"s:34:24:34:Infinity":9,"b:35:8:37:Infinity:undefined:undefined:undefined:undefined":0,"s:35:8:37:Infinity":10,"s:36:12:36:Infinity":11,"s:39:8:39:Infinity":12,"s:40:8:40:Infinity":13,"s:41:8:41:Infinity":14,"b:43:8:51:Infinity:46:8:51:Infinity":1,"s:43:8:51:Infinity":15,"s:44:12:44:Infinity":16,"s:45:12:45:Infinity":17,"b:46:8:51:Infinity:49:15:51:Infinity":2,"s:46:8:51:Infinity":18,"s:47:12:47:Infinity":19,"s:48:12:48:Infinity":20,"s:50:12:50:Infinity":21,"s:21:13:21:69":22}}}
,"/home/gabriel/Desktop/fast-food-payment/src/domain/errors.ts": {"path":"/home/gabriel/Desktop/fast-food-payment/src/domain/errors.ts","statementMap":{"0":{"start":{"line":7,"column":8},"end":{"line":7,"column":null}},"1":{"start":{"line":3,"column":15},"end":{"line":3,"column":33}},"2":{"start":{"line":4,"column":15},"end":{"line":4,"column":28}},"3":{"start":{"line":5,"column":15},"end":{"line":5,"column":22}},"4":{"start":{"line":13,"column":8},"end":{"line":13,"column":null}},"5":{"start":{"line":19,"column":8},"end":{"line":19,"column":null}},"6":{"start":{"line":25,"column":8},"end":{"line":25,"column":null}},"7":{"start":{"line":34,"column":8},"end":{"line":34,"column":null}},"8":{"start":{"line":32,"column":24},"end":{"line":32,"column":null}},"9":{"start":{"line":35,"column":8},"end":{"line":35,"column":null}},"10":{"start":{"line":41,"column":8},"end":{"line":41,"column":null}}},"fnMap":{"0":{"name":"(anonymous_0)","decl":{"start":{"line":2,"column":4},"end":{"line":2,"column":null}},"loc":{"start":{"line":6,"column":6},"end":{"line":8,"column":null}},"line":6},"1":{"name":"(anonymous_1)","decl":{"start":{"line":12,"column":4},"end":{"line":12,"column":16}},"loc":{"start":{"line":12,"column":67},"end":{"line":14,"column":null}},"line":12},"2":{"name":"(anonymous_2)","decl":{"start":{"line":18,"column":4},"end":{"line":18,"column":16}},"loc":{"start":{"line":18,"column":47},"end":{"line":20,"column":null}},"line":18},"3":{"name":"(anonymous_3)","decl":{"start":{"line":24,"column":4},"end":{"line":24,"column":16}},"loc":{"start":{"line":24,"column":47},"end":{"line":26,"column":null}},"line":24},"4":{"name":"(anonymous_4)","decl":{"start":{"line":30,"column":4},"end":{"line":30,"column":null}},"loc":{"start":{"line":33,"column":6},"end":{"line":36,"column":null}},"line":33},"5":{"name":"(anonymous_5)","decl":{"start":{"line":40,"column":4},"end":{"line":40,"column":16}},"loc":{"start":{"line":40,"column":51},"end":{"line":42,"column":null}},"line":40}},"branchMap":{"0":{"loc":{"start":{"line":3,"column":15},"end":{"line":3,"column":null}},"type":"default-arg","locations":[{"start":{"line":3,"column":33},"end":{"line":3,"column":null}}],"line":3},"1":{"loc":{"start":{"line":4,"column":15},"end":{"line":4,"column":null}},"type":"default-arg","locations":[{"start":{"line":4,"column":28},"end":{"line":4,"column":null}}],"line":4},"2":{"loc":{"start":{"line":5,"column":15},"end":{"line":5,"column":null}},"type":"default-arg","locations":[{"start":{"line":5,"column":22},"end":{"line":5,"column":null}}],"line":5},"3":{"loc":{"start":{"line":12,"column":36},"end":{"line":12,"column":67}},"type":"default-arg","locations":[{"start":{"line":12,"column":46},"end":{"line":12,"column":67}}],"line":12},"4":{"loc":{"start":{"line":18,"column":16},"end":{"line":18,"column":47}},"type":"default-arg","locations":[{"start":{"line":18,"column":26},"end":{"line":18,"column":47}}],"line":18},"5":{"loc":{"start":{"line":24,"column":16},"end":{"line":24,"column":47}},"type":"default-arg","locations":[{"start":{"line":24,"column":26},"end":{"line":24,"column":47}}],"line":24},"6":{"loc":{"start":{"line":40,"column":16},"end":{"line":40,"column":51}},"type":"default-arg","locations":[{"start":{"line":40,"column":26},"end":{"line":40,"column":51}}],"line":40}},"s":{"0":2,"1":2,"2":2,"3":2,"4":0,"5":2,"6":0,"7":0,"8":0,"9":0,"10":0},"f":{"0":2,"1":0,"2":2,"3":0,"4":0,"5":0},"b":{"0":[2],"1":[2],"2":[2],"3":[0],"4":[2],"5":[0],"6":[0]},"meta":{"lastBranch":7,"lastFunction":6,"lastStatement":11,"seen":{"f:2:4:2:Infinity":0,"b:3:33:3:Infinity":0,"b:4:28:4:Infinity":1,"b:5:22:5:Infinity":2,"s:7:8:7:Infinity":0,"s:3:15:3:33":1,"s:4:15:4:28":2,"s:5:15:5:22":3,"f:12:4:12:16":1,"b:12:46:12:67":3,"s:13:8:13:Infinity":4,"f:18:4:18:16":2,"b:18:26:18:47":4,"s:19:8:19:Infinity":5,"f:24:4:24:16":3,"b:24:26:24:47":5,"s:25:8:25:Infinity":6,"f:30:4:30:Infinity":4,"s:34:8:34:Infinity":7,"s:32:24:32:Infinity":8,"s:35:8:35:Infinity":9,"f:40:4:40:16":5,"b:40:26:40:51":6,"s:41:8:41:Infinity":10}}}
,"/home/gabriel/Desktop/fast-food-payment/src/domain/entities/payment.entity.ts": {"path":"/home/gabriel/Desktop/fast-food-payment/src/domain/entities/payment.entity.ts","statementMap":{"0":{"start":{"line":21,"column":8},"end":{"line":21,"column":null}},"1":{"start":{"line":22,"column":8},"end":{"line":22,"column":null}},"2":{"start":{"line":23,"column":8},"end":{"line":23,"column":null}},"3":{"start":{"line":24,"column":8},"end":{"line":24,"column":null}},"4":{"start":{"line":25,"column":8},"end":{"line":25,"column":null}},"5":{"start":{"line":29,"column":8},"end":{"line":29,"column":null}}},"fnMap":{"0":{"name":"(anonymous_0)","decl":{"start":{"line":20,"column":4},"end":{"line":20,"column":16}},"loc":{"start":{"line":20,"column":41},"end":{"line":26,"column":null}},"line":20},"1":{"name":"(anonymous_1)","decl":{"start":{"line":28,"column":4},"end":{"line":28,"column":14}},"loc":{"start":{"line":28,"column":30},"end":{"line":30,"column":null}},"line":28}},"branchMap":{"0":{"loc":{"start":{"line":21,"column":18},"end":{"line":21,"column":null}},"type":"binary-expr","locations":[{"start":{"line":21,"column":18},"end":{"line":21,"column":32}},{"start":{"line":21,"column":26},"end":{"line":21,"column":null}}],"line":21},"1":{"loc":{"start":{"line":24,"column":33},"end":{"line":24,"column":null}},"type":"binary-expr","locations":[{"start":{"line":24,"column":33},"end":{"line":24,"column":62}},{"start":{"line":24,"column":62},"end":{"line":24,"column":null}}],"line":24},"2":{"loc":{"start":{"line":25,"column":22},"end":{"line":25,"column":null}},"type":"binary-expr","locations":[{"start":{"line":25,"column":22},"end":{"line":25,"column":40}},{"start":{"line":25,"column":40},"end":{"line":25,"column":null}}],"line":25}},"s":{"0":7,"1":7,"2":7,"3":7,"4":7,"5":2},"f":{"0":7,"1":2},"b":{"0":[7,2],"1":[7,4],"2":[7,2]},"meta":{"lastBranch":3,"lastFunction":2,"lastStatement":6,"seen":{"f:20:4:20:16":0,"s:21:8:21:Infinity":0,"b:21:18:21:32:21:26:21:Infinity":0,"s:22:8:22:Infinity":1,"s:23:8:23:Infinity":2,"s:24:8:24:Infinity":3,"b:24:33:24:62:24:62:24:Infinity":1,"s:25:8:25:Infinity":4,"b:25:22:25:40:25:40:25:Infinity":2,"f:28:4:28:14":1,"s:29:8:29:Infinity":5}}}
,"/home/gabriel/Desktop/fast-food-payment/src/infrastructure/config/di/types.ts": {"path":"/home/gabriel/Desktop/fast-food-payment/src/infrastructure/config/di/types.ts","statementMap":{"0":{"start":{"line":1,"column":21},"end":{"line":25,"column":null}}},"fnMap":{},"branchMap":{},"s":{"0":3},"f":{},"b":{},"meta":{"lastBranch":0,"lastFunction":0,"lastStatement":1,"seen":{"s:1:21:25:Infinity":0}}}
,"/home/gabriel/Desktop/fast-food-payment/src/infrastructure/gateways/mercado-pago/mappers/payment-gateway.mapper.ts": {"path":"/home/gabriel/Desktop/fast-food-payment/src/infrastructure/gateways/mercado-pago/mappers/payment-gateway.mapper.ts","statementMap":{"0":{"start":{"line":7,"column":8},"end":{"line":22,"column":null}},"1":{"start":{"line":10,"column":54},"end":{"line":19,"column":14}}},"fnMap":{"0":{"name":"(anonymous_0)","decl":{"start":{"line":6,"column":11},"end":{"line":6,"column":27}},"loc":{"start":{"line":6,"column":95},"end":{"line":23,"column":null}},"line":6},"1":{"name":"(anonymous_1)","decl":{"start":{"line":10,"column":45},"end":{"line":10,"column":54}},"loc":{"start":{"line":10,"column":54},"end":{"line":19,"column":14}},"line":10}},"branchMap":{},"s":{"0":2,"1":3},"f":{"0":1,"1":3},"b":{},"meta":{"lastBranch":0,"lastFunction":2,"lastStatement":2,"seen":{"f:6:11:6:27":0,"s:7:8:22:Infinity":0,"f:10:45:10:54":1,"s:10:54:19:14":1}}}
}
