TN:
SF:src/application/use-cases/payment/create-payment/create-payment.ts
FN:15,(anonymous_0)
FN:21,(anonymous_1)
FNF:2
FNH:2
FNDA:1,(anonymous_0)
FNDA:2,(anonymous_1)
DA:14,1
DA:16,1
DA:17,1
DA:18,1
DA:22,2
DA:27,2
DA:32,2
DA:37,2
DA:38,2
DA:40,2
DA:42,2
DA:44,2
DA:50,2
LF:13
LH:13
BRF:0
BRH:0
end_of_record
TN:
SF:src/application/use-cases/payment/get-payment/get-payment.ts
FN:12,(anonymous_0)
FN:17,(anonymous_1)
FNF:2
FNH:2
FNDA:1,(anonymous_0)
FNDA:2,(anonymous_1)
DA:11,1
DA:13,1
DA:14,1
DA:18,2
DA:20,2
DA:22,2
DA:23,1
DA:24,1
DA:27,1
DA:32,1
LF:10
LH:10
BRDA:22,0,0,1
BRDA:22,0,1,1
BRF:2
BRH:2
end_of_record
TN:
SF:src/application/use-cases/payment/webhook-payment/webhook-payment.ts
FN:22,(anonymous_0)
FN:30,(anonymous_1)
FNF:2
FNH:2
FNDA:1,(anonymous_0)
FNDA:3,(anonymous_1)
DA:14,1
DA:21,1
DA:23,1
DA:24,1
DA:25,1
DA:26,1
DA:27,1
DA:31,3
DA:32,3
DA:34,3
DA:35,3
DA:36,1
DA:39,2
DA:40,2
DA:41,2
DA:43,2
DA:44,1
DA:45,1
DA:46,1
DA:47,1
DA:48,1
DA:50,0
LF:22
LH:21
BRDA:35,0,0,1
BRDA:35,0,1,2
BRDA:43,1,0,1
BRDA:43,1,1,1
BRDA:46,2,0,1
BRDA:46,2,1,0
BRF:6
BRH:5
end_of_record
TN:
SF:src/domain/errors.ts
FN:2,(anonymous_0)
FN:12,(anonymous_1)
FN:18,(anonymous_2)
FN:24,(anonymous_3)
FN:30,(anonymous_4)
FN:40,(anonymous_5)
FNF:6
FNH:2
FNDA:2,(anonymous_0)
FNDA:0,(anonymous_1)
FNDA:2,(anonymous_2)
FNDA:0,(anonymous_3)
FNDA:0,(anonymous_4)
FNDA:0,(anonymous_5)
DA:3,2
DA:4,2
DA:5,2
DA:7,2
DA:13,0
DA:19,2
DA:25,0
DA:32,0
DA:34,0
DA:35,0
DA:41,0
LF:11
LH:5
BRDA:3,0,0,2
BRDA:4,1,0,2
BRDA:5,2,0,2
BRDA:12,3,0,0
BRDA:18,4,0,2
BRDA:24,5,0,0
BRDA:40,6,0,0
BRF:7
BRH:4
end_of_record
TN:
SF:src/domain/entities/payment.entity.ts
FN:20,(anonymous_0)
FN:28,(anonymous_1)
FNF:2
FNH:2
FNDA:16,(anonymous_0)
FNDA:2,(anonymous_1)
DA:21,16
DA:22,16
DA:23,16
DA:24,16
DA:25,16
DA:29,2
LF:6
LH:6
BRDA:21,0,0,16
BRDA:21,0,1,2
BRDA:24,1,0,16
BRDA:24,1,1,8
BRDA:25,2,0,16
BRDA:25,2,1,6
BRF:6
BRH:6
end_of_record
TN:
SF:src/infrastructure/config/di/types.ts
FNF:0
FNH:0
DA:1,8
LF:1
LH:1
BRF:0
BRH:0
end_of_record
TN:
SF:src/infrastructure/gateways/fast-food-order/fast-food-order-payments-approved.ts
FN:13,(anonymous_0)
FN:18,(anonymous_1)
FNF:2
FNH:2
FNDA:2,(anonymous_0)
FNDA:2,(anonymous_1)
DA:10,1
DA:11,2
DA:14,2
DA:15,2
DA:19,2
DA:20,2
DA:21,2
DA:23,2
DA:24,2
DA:25,2
DA:27,1
DA:31,1
DA:33,1
DA:42,1
LF:14
LH:14
BRF:0
BRH:0
end_of_record
TN:
SF:src/infrastructure/gateways/fast-food-order/fast-food-order-payments-failed.ts
FN:13,(anonymous_0)
FN:18,(anonymous_1)
FNF:2
FNH:2
FNDA:2,(anonymous_0)
FNDA:2,(anonymous_1)
DA:10,1
DA:11,2
DA:14,2
DA:15,2
DA:19,2
DA:20,2
DA:22,2
DA:23,2
DA:25,1
DA:29,1
DA:31,1
DA:40,1
LF:12
LH:12
BRF:0
BRH:0
end_of_record
TN:
SF:src/infrastructure/gateways/mercado-pago/mercado-pago-create-payment.ts
FN:15,(anonymous_0)
FN:20,(anonymous_1)
FNF:2
FNH:2
FNDA:2,(anonymous_0)
FNDA:2,(anonymous_1)
DA:12,1
DA:13,2
DA:16,2
DA:17,2
DA:21,2
DA:22,2
DA:24,2
DA:25,2
DA:27,2
DA:28,2
DA:42,1
DA:44,1
DA:46,1
DA:48,1
DA:50,1
DA:55,1
LF:16
LH:16
BRF:0
BRH:0
end_of_record
TN:
SF:src/infrastructure/gateways/mercado-pago/mercado-pago-get-payment.ts
FN:15,(anonymous_0)
FN:20,(anonymous_1)
FNF:2
FNH:2
FNDA:2,(anonymous_0)
FNDA:2,(anonymous_1)
DA:12,1
DA:13,2
DA:16,2
DA:17,2
DA:21,2
DA:22,2
DA:24,2
DA:25,2
DA:32,1
DA:34,1
DA:36,1
DA:42,1
DA:44,1
DA:49,1
LF:14
LH:14
BRF:0
BRH:0
end_of_record
TN:
SF:src/infrastructure/gateways/mercado-pago/mappers/payment-gateway.mapper.ts
FN:6,(anonymous_0)
FN:10,(anonymous_1)
FNF:2
FNH:2
FNDA:2,(anonymous_0)
FNDA:5,(anonymous_1)
DA:7,4
DA:10,5
LF:2
LH:2
BRF:0
BRH:0
end_of_record
TN:
SF:src/infrastructure/repositories/prisma/mappers/prisma-payment.mapper.ts
FN:6,(anonymous_0)
FN:16,(anonymous_1)
FN:26,(anonymous_2)
FNF:3
FNH:3
FNDA:1,(anonymous_0)
FNDA:1,(anonymous_1)
FNDA:1,(anonymous_2)
DA:7,2
DA:17,1
DA:27,1
LF:3
LH:3
BRDA:11,0,0,2
BRDA:11,0,1,1
BRDA:12,1,0,2
BRDA:12,1,1,1
BRF:4
BRH:4
end_of_record
TN:
SF:src/interfaces/controller/payment.controller.ts
FN:14,(anonymous_0)
FN:21,(anonymous_1)
FN:27,(anonymous_2)
FN:33,(anonymous_3)
FNF:4
FNH:4
FNDA:1,(anonymous_0)
FNDA:1,(anonymous_1)
FNDA:1,(anonymous_2)
FNDA:1,(anonymous_3)
DA:13,1
DA:15,1
DA:16,1
DA:17,1
DA:18,1
DA:22,1
DA:23,1
DA:24,1
DA:28,1
DA:29,1
DA:30,1
DA:34,1
DA:35,1
LF:13
LH:13
BRF:0
BRH:0
end_of_record
TN:
SF:src/interfaces/presenter/payment.presenter.ts
FN:5,(anonymous_0)
FNF:1
FNH:1
FNDA:2,(anonymous_0)
DA:6,4
LF:1
LH:1
BRDA:10,0,0,4
BRDA:10,0,1,1
BRDA:11,1,0,4
BRDA:11,1,1,1
BRF:4
BRH:4
end_of_record
